<?xml version="1.0"?>
<testsuites>
  <testsuite name="PhantomJS 1.9.7 (Linux)" package="" timestamp="2014-09-03T20:49:05" id="0" hostname="shaun-Gazelle-Professional" tests="1" errors="0" failures="0" time="0.013">
    <properties>
      <property name="browser.fullName" value="Mozilla/5.0 (Unknown; Linux x86_64) AppleWebKit/534.34 (KHTML, like Gecko) PhantomJS/1.9.7 Safari/534.34"/>
    </properties>
    <testcase name="it should request some data for Chicago, IL" time="0.013" classname="PhantomJS 1.9.7 (Linux).Service : WeatherService"/>
    <system-out><![CDATA[
]]></system-out>
    <system-err/>
  </testsuite>
</testsuites>
